Performing C SOURCE FILE Test CMAKE_HAVE_LIBC_PTHREAD failed with the following output:
Change Dir: /home/graphics/Desktop/CSC4140/Ass4/Assignment4Code/build/CMakeFiles/CMakeTmp

Run Build Command(s):/usr/bin/make cmTC_c715e/fast && /usr/bin/make -f CMakeFiles/cmTC_c715e.dir/build.make CMakeFiles/cmTC_c715e.dir/build
make[1]: Entering directory '/home/graphics/Desktop/CSC4140/Ass4/Assignment4Code/build/CMakeFiles/CMakeTmp'
Building C object CMakeFiles/cmTC_c715e.dir/src.c.o
/usr/bin/cc   -DCMAKE_HAVE_LIBC_PTHREAD   -o CMakeFiles/cmTC_c715e.dir/src.c.o   -c /home/graphics/Desktop/CSC4140/Ass4/Assignment4Code/build/CMakeFiles/CMakeTmp/src.c
Linking C executable cmTC_c715e
/usr/bin/cmake -E cmake_link_script CMakeFiles/cmTC_c715e.dir/link.txt --verbose=1
/usr/bin/cc  -DCMAKE_HAVE_LIBC_PTHREAD    -rdynamic CMakeFiles/cmTC_c715e.dir/src.c.o  -o cmTC_c715e 
/usr/bin/ld: CMakeFiles/cmTC_c715e.dir/src.c.o: in function `main':
src.c:(.text+0x46): undefined reference to `pthread_create'
/usr/bin/ld: src.c:(.text+0x52): undefined reference to `pthread_detach'
/usr/bin/ld: src.c:(.text+0x63): undefined reference to `pthread_join'
collect2: error: ld returned 1 exit status
make[1]: *** [CMakeFiles/cmTC_c715e.dir/build.make:87: cmTC_c715e] Error 1
make[1]: Leaving directory '/home/graphics/Desktop/CSC4140/Ass4/Assignment4Code/build/CMakeFiles/CMakeTmp'
make: *** [Makefile:121: cmTC_c715e/fast] Error 2


Source file was:
#include <pthread.h>

void* test_func(void* data)
{
  return data;
}

int main(void)
{
  pthread_t thread;
  pthread_create(&thread, NULL, test_func, NULL);
  pthread_detach(thread);
  pthread_join(thread, NULL);
  pthread_atfork(NULL, NULL, NULL);
  pthread_exit(NULL);

  return 0;
}

Determining if the function pthread_create exists in the pthreads failed with the following output:
Change Dir: /home/graphics/Desktop/CSC4140/Ass4/Assignment4Code/build/CMakeFiles/CMakeTmp

Run Build Command(s):/usr/bin/make cmTC_a7c05/fast && /usr/bin/make -f CMakeFiles/cmTC_a7c05.dir/build.make CMakeFiles/cmTC_a7c05.dir/build
make[1]: Entering directory '/home/graphics/Desktop/CSC4140/Ass4/Assignment4Code/build/CMakeFiles/CMakeTmp'
Building C object CMakeFiles/cmTC_a7c05.dir/CheckFunctionExists.c.o
/usr/bin/cc   -DCHECK_FUNCTION_EXISTS=pthread_create   -o CMakeFiles/cmTC_a7c05.dir/CheckFunctionExists.c.o   -c /usr/share/cmake-3.16/Modules/CheckFunctionExists.c
Linking C executable cmTC_a7c05
/usr/bin/cmake -E cmake_link_script CMakeFiles/cmTC_a7c05.dir/link.txt --verbose=1
/usr/bin/cc  -DCHECK_FUNCTION_EXISTS=pthread_create    -rdynamic CMakeFiles/cmTC_a7c05.dir/CheckFunctionExists.c.o  -o cmTC_a7c05  -lpthreads 
/usr/bin/ld: cannot find -lpthreads
collect2: error: ld returned 1 exit status
make[1]: *** [CMakeFiles/cmTC_a7c05.dir/build.make:87: cmTC_a7c05] Error 1
make[1]: Leaving directory '/home/graphics/Desktop/CSC4140/Ass4/Assignment4Code/build/CMakeFiles/CMakeTmp'
make: *** [Makefile:121: cmTC_a7c05/fast] Error 2



Determining if the function glXGetProcAddressEXT exists failed with the following output:
Change Dir: /home/graphics/Desktop/CSC4140/Ass4/Assignment4Code/build/CMakeFiles/CMakeTmp

Run Build Command(s):/usr/bin/make cmTC_d22b5/fast && /usr/bin/make -f CMakeFiles/cmTC_d22b5.dir/build.make CMakeFiles/cmTC_d22b5.dir/build
make[1]: Entering directory '/home/graphics/Desktop/CSC4140/Ass4/Assignment4Code/build/CMakeFiles/CMakeTmp'
Building C object CMakeFiles/cmTC_d22b5.dir/CheckFunctionExists.c.o
/usr/bin/cc   -DCHECK_FUNCTION_EXISTS=glXGetProcAddressEXT   -o CMakeFiles/cmTC_d22b5.dir/CheckFunctionExists.c.o   -c /usr/share/cmake-3.16/Modules/CheckFunctionExists.c
Linking C executable cmTC_d22b5
/usr/bin/cmake -E cmake_link_script CMakeFiles/cmTC_d22b5.dir/link.txt --verbose=1
/usr/bin/cc  -DCHECK_FUNCTION_EXISTS=glXGetProcAddressEXT    -rdynamic CMakeFiles/cmTC_d22b5.dir/CheckFunctionExists.c.o  -o cmTC_d22b5  /usr/lib/x86_64-linux-gnu/libGL.so 
/usr/bin/ld: CMakeFiles/cmTC_d22b5.dir/CheckFunctionExists.c.o: in function `main':
CheckFunctionExists.c:(.text+0x14): undefined reference to `glXGetProcAddressEXT'
collect2: error: ld returned 1 exit status
make[1]: *** [CMakeFiles/cmTC_d22b5.dir/build.make:88: cmTC_d22b5] Error 1
make[1]: Leaving directory '/home/graphics/Desktop/CSC4140/Ass4/Assignment4Code/build/CMakeFiles/CMakeTmp'
make: *** [Makefile:121: cmTC_d22b5/fast] Error 2



